swaybg
kitty
swww
swaylock-effects
wofi
wlogout
mako
xdg-desktop-portal-hyprland
swappy
grim
slurp
thunar
polkit-gnome
python-requests
pamixer
pavucontrol
brightnessctl
bluez
bluez-utils
blueman
network-manager-applet
gvfs
thunar-archive-plugin
file-roller
btop
pacman-contrib
starship
ttf-jetbrains-mono-nerd
noto-fonts-emoji
lxappearance
xfce4-settings
qt5-svg
qt5-quickcontrols2
qt5-graphicaleffects
thunar-volman
tumbler
catppuccin-gtk-theme-mocha
catppuccin-gtk-theme-latte
catppuccin-cursors-mocha
unzip
mojave-gtk-theme
mcmojave-cursors
mcmojave-circle-icon-theme
wl-clipboard
cliphist
nwg-look-bin
mousepad
pipewire-alsa
playerctl
xdg-user-dirs
viewnior
micro
cava
gvfs-mtp
qt5ct
jq
ffmpegthumbs
mpv
noto-fonts-emoji
otf-font-awesome
ttf-jetbrains-mono
ttf-jetbrains-mono-nerd
otf-font-awesome-4
ttf-droid
ttf-fantasque-sans-mono
adobe-source-code-pro-fonts